Copyright 1986-2019 Xilinx, Inc. All Rights Reserved.
----------------------------------------------------------------------------------------------
| Tool Version : Vivado v.2019.1 (lin64) Build 2552052 Fri May 24 14:47:09 MDT 2019
| Date         : Fri Jan 31 17:44:03 2025
| Host         : scope running 64-bit Ubuntu 16.04.7 LTS
| Command      : report_clock_utilization -file design_1_wrapper_clock_utilization_routed.rpt
| Design       : design_1_wrapper
| Device       : 7z020-clg400
| Speed File   : -2  PRODUCTION 1.11 2014-09-11
| Design State : Routed
----------------------------------------------------------------------------------------------

Clock Utilization Report

Table of Contents
-----------------
1. Clock Primitive Utilization
2. Global Clock Resources
3. Global Clock Source Details
4. Clock Regions: Key Resource Utilization
5. Clock Regions : Global Clock Summary
6. Device Cell Placement Summary for Global Clock g0
7. Device Cell Placement Summary for Global Clock g1
8. Device Cell Placement Summary for Global Clock g2
9. Device Cell Placement Summary for Global Clock g3
10. Device Cell Placement Summary for Global Clock g4
11. Device Cell Placement Summary for Global Clock g5
12. Device Cell Placement Summary for Global Clock g6
13. Device Cell Placement Summary for Global Clock g7
14. Clock Region Cell Placement per Global Clock: Region X0Y0
15. Clock Region Cell Placement per Global Clock: Region X1Y0
16. Clock Region Cell Placement per Global Clock: Region X0Y1
17. Clock Region Cell Placement per Global Clock: Region X1Y1
18. Clock Region Cell Placement per Global Clock: Region X0Y2
19. Clock Region Cell Placement per Global Clock: Region X1Y2

1. Clock Primitive Utilization
------------------------------

+----------+------+-----------+-----+--------------+--------+
| Type     | Used | Available | LOC | Clock Region | Pblock |
+----------+------+-----------+-----+--------------+--------+
| BUFGCTRL |    8 |        32 |   0 |            0 |      0 |
| BUFH     |    0 |        72 |   0 |            0 |      0 |
| BUFIO    |    1 |        16 |   1 |            0 |      0 |
| BUFMR    |    0 |         8 |   0 |            0 |      0 |
| BUFR     |    0 |        16 |   0 |            0 |      0 |
| MMCM     |    1 |         4 |   0 |            0 |      0 |
| PLL      |    0 |         4 |   0 |            0 |      0 |
+----------+------+-----------+-----+--------------+--------+


2. Global Clock Resources
-------------------------

+-----------+-----------+-----------------+------------+----------------+--------------+-------------------+-------------+-----------------+--------------+-------------------------------+-----------------------------------------------------------------------------------------------------------------------------------------+---------------------------------------------------------------------------------------------------------------------------------+
| Global Id | Source Id | Driver Type/Pin | Constraint | Site           | Clock Region | Load Clock Region | Clock Loads | Non-Clock Loads | Clock Period | Clock                         | Driver Pin                                                                                                                              | Net                                                                                                                             |
+-----------+-----------+-----------------+------------+----------------+--------------+-------------------+-------------+-----------------+--------------+-------------------------------+-----------------------------------------------------------------------------------------------------------------------------------------+---------------------------------------------------------------------------------------------------------------------------------+
| g0        | src0      | BUFG/O          | None       | BUFGCTRL_X0Y16 | n/a          |                 6 |       11341 |               0 |       10.000 | clk_fpga_0                    | design_1_i/processing_system7_0/inst/buffer_fclk_clk_0.FCLK_CLK_0_BUFG/O                                                                | design_1_i/processing_system7_0/inst/FCLK_CLK0                                                                                  |
| g1        | src0      | BUFG/O          | None       | BUFGCTRL_X0Y20 | n/a          |                 4 |        2106 |               0 |        5.000 | clk_fpga_1                    | design_1_i/processing_system7_0/inst/buffer_fclk_clk_1.FCLK_CLK_1_BUFG/O                                                                | design_1_i/processing_system7_0/inst/FCLK_CLK1                                                                                  |
| g2        | src0      | BUFG/O          | None       | BUFGCTRL_X0Y17 | n/a          |                 4 |         679 |               0 |       63.000 | clk_fpga_3                    | design_1_i/processing_system7_0/inst/buffer_fclk_clk_3.FCLK_CLK_3_BUFG/O                                                                | design_1_i/processing_system7_0/inst/FCLK_CLK3                                                                                  |
| g3        | src1      | BUFG/O          | None       | BUFGCTRL_X0Y0  | n/a          |                 1 |         106 |               0 |        5.000 | clk_out1_design_1_clk_wiz_0_0 | design_1_i/gmii_to_rgmii_0/U0/i_design_1_gmii_to_rgmii_0_0_clocking/i_bufg_clk_in/O                                                     | design_1_i/gmii_to_rgmii_0/U0/i_design_1_gmii_to_rgmii_0_0_clocking/clkin_out                                                   |
| g4        | src1      | BUFG/O          | None       | BUFGCTRL_X0Y1  | n/a          |                 2 |          81 |               0 |       40.000 | clk_out2_design_1_clk_wiz_0_0 | design_1_i/clk_wiz_0/inst/clkout2_buf/O                                                                                                 | design_1_i/clk_wiz_0/inst/clk_out2                                                                                              |
| g5        | src2      | BUFG/O          | None       | BUFGCTRL_X0Y18 | n/a          |                 2 |          13 |               0 |              |                               | design_1_i/gmii_to_rgmii_0/U0/i_gmii_to_rgmii_block/design_1_gmii_to_rgmii_0_0_core/i_gmii_to_rgmii/i_gmii_to_rgmii/bufg_rgmii_rx_clk/O | design_1_i/gmii_to_rgmii_0/U0/i_gmii_to_rgmii_block/design_1_gmii_to_rgmii_0_0_core/i_gmii_to_rgmii/i_gmii_to_rgmii/rgmii_rxc_0 |
| g6        | src1      | BUFG/O          | None       | BUFGCTRL_X0Y2  | n/a          |                 1 |           1 |               0 |       10.000 | clkfbout_design_1_clk_wiz_0_0 | design_1_i/clk_wiz_0/inst/clkf_buf/O                                                                                                    | design_1_i/clk_wiz_0/inst/clkfbout_buf_design_1_clk_wiz_0_0                                                                     |
| g7        | src0      | BUFG/O          | None       | BUFGCTRL_X0Y19 | n/a          |                 1 |           0 |               1 |      200.000 | clk_fpga_2                    | design_1_i/processing_system7_0/inst/buffer_fclk_clk_2.FCLK_CLK_2_BUFG/O                                                                | design_1_i/processing_system7_0/inst/FCLK_CLK2                                                                                  |
+-----------+-----------+-----------------+------------+----------------+--------------+-------------------+-------------+-----------------+--------------+-------------------------------+-----------------------------------------------------------------------------------------------------------------------------------------+---------------------------------------------------------------------------------------------------------------------------------+
* Clock Loads column represents the clock pin loads (pin count)
** Non-Clock Loads column represents the non-clock pin loads (pin count)


3. Global Clock Source Details
------------------------------

+-----------+-----------+---------------------+------------+-----------------+--------------+-------------+-----------------+---------------------+-------------------------------+------------------------------------------------------------------------+--------------------------------------------------------------------+
| Source Id | Global Id | Driver Type/Pin     | Constraint | Site            | Clock Region | Clock Loads | Non-Clock Loads | Source Clock Period | Source Clock                  | Driver Pin                                                             | Net                                                                |
+-----------+-----------+---------------------+------------+-----------------+--------------+-------------+-----------------+---------------------+-------------------------------+------------------------------------------------------------------------+--------------------------------------------------------------------+
| src0      | g0        | PS7/FCLKCLK[0]      | PS7_X0Y0   | PS7_X0Y0        | X0Y2         |           1 |               0 |              10.000 | clk_fpga_0                    | design_1_i/processing_system7_0/inst/PS7_i/FCLKCLK[0]                  | design_1_i/processing_system7_0/inst/FCLK_CLK_unbuffered[0]        |
| src0      | g1        | PS7/FCLKCLK[1]      | PS7_X0Y0   | PS7_X0Y0        | X0Y2         |           1 |               0 |               5.000 | clk_fpga_1                    | design_1_i/processing_system7_0/inst/PS7_i/FCLKCLK[1]                  | design_1_i/processing_system7_0/inst/FCLK_CLK_unbuffered[1]        |
| src0      | g7        | PS7/FCLKCLK[2]      | PS7_X0Y0   | PS7_X0Y0        | X0Y2         |           1 |               0 |             200.000 | clk_fpga_2                    | design_1_i/processing_system7_0/inst/PS7_i/FCLKCLK[2]                  | design_1_i/processing_system7_0/inst/FCLK_CLK_unbuffered[2]        |
| src0      | g2        | PS7/FCLKCLK[3]      | PS7_X0Y0   | PS7_X0Y0        | X0Y2         |           1 |               0 |              63.000 | clk_fpga_3                    | design_1_i/processing_system7_0/inst/PS7_i/FCLKCLK[3]                  | design_1_i/processing_system7_0/inst/FCLK_CLK_unbuffered[3]        |
| src1      | g3        | MMCME2_ADV/CLKOUT0  | None       | MMCME2_ADV_X1Y0 | X1Y0         |           1 |               0 |               5.000 | clk_out1_design_1_clk_wiz_0_0 | design_1_i/clk_wiz_0/inst/mmcm_adv_inst/CLKOUT0                        | design_1_i/clk_wiz_0/inst/clk_out1_design_1_clk_wiz_0_0            |
| src1      | g4        | MMCME2_ADV/CLKOUT1  | None       | MMCME2_ADV_X1Y0 | X1Y0         |           1 |               0 |              40.000 | clk_out2_design_1_clk_wiz_0_0 | design_1_i/clk_wiz_0/inst/mmcm_adv_inst/CLKOUT1                        | design_1_i/clk_wiz_0/inst/clk_out2_design_1_clk_wiz_0_0            |
| src1      | g6        | MMCME2_ADV/CLKFBOUT | None       | MMCME2_ADV_X1Y0 | X1Y0         |           1 |               0 |              10.000 | clkfbout_design_1_clk_wiz_0_0 | design_1_i/clk_wiz_0/inst/mmcm_adv_inst/CLKFBOUT                       | design_1_i/clk_wiz_0/inst/clkfbout_design_1_clk_wiz_0_0            |
| src2      | g5,       | IBUF/O              | IOB_X1Y122 | IOB_X1Y122      | X1Y2         |           2 |               0 |                     |                               | design_1_i/gmii_to_rgmii_0/U0/i_gmii_to_rgmii_block/rgmii_rxc_ibuf_i/O | design_1_i/gmii_to_rgmii_0/U0/i_gmii_to_rgmii_block/rgmii_rxc_ibuf |
+-----------+-----------+---------------------+------------+-----------------+--------------+-------------+-----------------+---------------------+-------------------------------+------------------------------------------------------------------------+--------------------------------------------------------------------+
* Clock Loads column represents the clock pin loads (pin count)
** Non-Clock Loads column represents the non-clock pin loads (pin count)


4. Clock Regions: Key Resource Utilization
------------------------------------------

+-------------------+--------------+--------------+--------------+--------------+--------------+--------------+--------------+--------------+--------------+--------------+--------------+--------------+--------------+--------------+--------------+
|                   | Global Clock |     BUFRs    |    BUFMRs    |    BUFIOs    |     MMCM     |      PLL     |      GT      |      PCI     |    ILOGIC    |    OLOGIC    |      FF      |     LUTM     |    RAMB18    |    RAMB36    |    DSP48E2   |
+-------------------+------+-------+------+-------+------+-------+------+-------+------+-------+------+-------+------+-------+------+-------+------+-------+------+-------+------+-------+------+-------+------+-------+------+-------+------+-------+
| Clock Region Name | Used | Avail | Used | Avail | Used | Avail | Used | Avail | Used | Avail | Used | Avail | Used | Avail | Used | Avail | Used | Avail | Used | Avail | Used | Avail | Used | Avail | Used | Avail | Used | Avail | Used | Avail |
+-------------------+------+-------+------+-------+------+-------+------+-------+------+-------+------+-------+------+-------+------+-------+------+-------+------+-------+------+-------+------+-------+------+-------+------+-------+------+-------+
| X0Y0              |    4 |    12 |    0 |     4 |    0 |     2 |    0 |     4 |    0 |     1 |    0 |     1 |    0 |     0 |    0 |     0 |    6 |    50 |    3 |    50 |  575 |  2500 |  235 |  1000 |    0 |    60 |    7 |    30 |    0 |    60 |
| X1Y0              |    3 |    12 |    0 |     4 |    0 |     2 |    0 |     4 |    1 |     1 |    0 |     1 |    0 |     0 |    0 |     0 |    0 |    50 |    0 |    50 |  535 |  3200 |  145 |   850 |    0 |    60 |    7 |    30 |    0 |    40 |
| X0Y1              |    3 |    12 |    0 |     0 |    0 |     0 |    0 |     0 |    0 |     0 |    0 |     0 |    0 |     0 |    0 |     0 |    0 |     0 |    0 |     0 | 3240 |  1200 | 1180 |   400 |    0 |    20 |    7 |    10 |    0 |    20 |
| X1Y1              |    3 |    12 |    0 |     4 |    0 |     2 |    0 |     4 |    0 |     1 |    0 |     1 |    0 |     0 |    0 |     0 |    0 |    50 |    0 |    50 | 3599 |  2600 | 1146 |   850 |    0 |    60 |    9 |    30 |    0 |    40 |
| X0Y2              |    4 |    12 |    0 |     0 |    0 |     0 |    0 |     0 |    0 |     0 |    0 |     0 |    0 |     0 |    0 |     0 |    0 |     0 |    0 |     0 | 2502 |  1200 |  916 |   400 |    0 |    20 |    0 |    10 |    0 |    20 |
| X1Y2              |    5 |    12 |    0 |     4 |    0 |     2 |    1 |     4 |    0 |     1 |    0 |     1 |    0 |     0 |    0 |     0 |    5 |    50 |    6 |    50 | 3342 |  2600 | 1065 |   850 |    0 |    60 |    0 |    30 |    0 |    40 |
+-------------------+------+-------+------+-------+------+-------+------+-------+------+-------+------+-------+------+-------+------+-------+------+-------+------+-------+------+-------+------+-------+------+-------+------+-------+------+-------+
* Global Clock column represents track count; while other columns represents cell counts


5. Clock Regions : Global Clock Summary
---------------------------------------

All Modules
+----+----+----+
|    | X0 | X1 |
+----+----+----+
| Y2 |  4 |  5 |
| Y1 |  3 |  3 |
| Y0 |  4 |  3 |
+----+----+----+


6. Device Cell Placement Summary for Global Clock g0
----------------------------------------------------

+-----------+-----------------+-------------------+------------+-------------+---------------+-------------+----------+----------------+----------+------------------------------------------------+
| Global Id | Driver Type/Pin | Driver Region (D) | Clock      | Period (ns) | Waveform (ns) | Slice Loads | IO Loads | Clocking Loads | GT Loads | Net                                            |
+-----------+-----------------+-------------------+------------+-------------+---------------+-------------+----------+----------------+----------+------------------------------------------------+
| g0        | BUFG/O          | n/a               | clk_fpga_0 |      10.000 | {0.000 5.000} |       11262 |        0 |              1 |        0 | design_1_i/processing_system7_0/inst/FCLK_CLK0 |
+-----------+-----------------+-------------------+------------+-------------+---------------+-------------+----------+----------------+----------+------------------------------------------------+
* Slice Loads column represents load cell count of all cell types other than IO, GT and clock resources
** IO Loads column represents load cell count of IO types
*** Clocking Loads column represents load cell count that are clock resources (global clock buffer, MMCM, PLL, etc)
**** GT Loads column represents load cell count of GT types


+----+-------+-------+
|    | X0    | X1    |
+----+-------+-------+
| Y2 |  2373 |  3243 |
| Y1 |  2605 |  2482 |
| Y0 |   284 |   276 |
+----+-------+-------+


7. Device Cell Placement Summary for Global Clock g1
----------------------------------------------------

+-----------+-----------------+-------------------+------------+-------------+---------------+-------------+----------+----------------+----------+------------------------------------------------+
| Global Id | Driver Type/Pin | Driver Region (D) | Clock      | Period (ns) | Waveform (ns) | Slice Loads | IO Loads | Clocking Loads | GT Loads | Net                                            |
+-----------+-----------------+-------------------+------------+-------------+---------------+-------------+----------+----------------+----------+------------------------------------------------+
| g1        | BUFG/O          | n/a               | clk_fpga_1 |       5.000 | {0.000 2.500} |        2106 |        0 |              0 |        0 | design_1_i/processing_system7_0/inst/FCLK_CLK1 |
+-----------+-----------------+-------------------+------------+-------------+---------------+-------------+----------+----------------+----------+------------------------------------------------+
* Slice Loads column represents load cell count of all cell types other than IO, GT and clock resources
** IO Loads column represents load cell count of IO types
*** Clocking Loads column represents load cell count that are clock resources (global clock buffer, MMCM, PLL, etc)
**** GT Loads column represents load cell count of GT types


+----+------+------+
|    | X0   | X1   |
+----+------+------+
| Y2 |    0 |    0 |
| Y1 |  545 |  988 |
| Y0 |  296 |  277 |
+----+------+------+


8. Device Cell Placement Summary for Global Clock g2
----------------------------------------------------

+-----------+-----------------+-------------------+------------+-------------+----------------+-------------+----------+----------------+----------+------------------------------------------------+
| Global Id | Driver Type/Pin | Driver Region (D) | Clock      | Period (ns) | Waveform (ns)  | Slice Loads | IO Loads | Clocking Loads | GT Loads | Net                                            |
+-----------+-----------------+-------------------+------------+-------------+----------------+-------------+----------+----------------+----------+------------------------------------------------+
| g2        | BUFG/O          | n/a               | clk_fpga_3 |      63.000 | {0.000 31.500} |         673 |        0 |              0 |        0 | design_1_i/processing_system7_0/inst/FCLK_CLK3 |
+-----------+-----------------+-------------------+------------+-------------+----------------+-------------+----------+----------------+----------+------------------------------------------------+
* Slice Loads column represents load cell count of all cell types other than IO, GT and clock resources
** IO Loads column represents load cell count of IO types
*** Clocking Loads column represents load cell count that are clock resources (global clock buffer, MMCM, PLL, etc)
**** GT Loads column represents load cell count of GT types


+----+------+------+
|    | X0   | X1   |
+----+------+------+
| Y2 |  222 |    0 |
| Y1 |  232 |  207 |
| Y0 |   12 |    0 |
+----+------+------+


9. Device Cell Placement Summary for Global Clock g3
----------------------------------------------------

+-----------+-----------------+-------------------+-------------------------------+-------------+---------------+-------------+----------+----------------+----------+-------------------------------------------------------------------------------+
| Global Id | Driver Type/Pin | Driver Region (D) | Clock                         | Period (ns) | Waveform (ns) | Slice Loads | IO Loads | Clocking Loads | GT Loads | Net                                                                           |
+-----------+-----------------+-------------------+-------------------------------+-------------+---------------+-------------+----------+----------------+----------+-------------------------------------------------------------------------------+
| g3        | BUFG/O          | n/a               | clk_out1_design_1_clk_wiz_0_0 |       5.000 | {0.000 2.500} |         106 |        0 |              0 |        0 | design_1_i/gmii_to_rgmii_0/U0/i_design_1_gmii_to_rgmii_0_0_clocking/clkin_out |
+-----------+-----------------+-------------------+-------------------------------+-------------+---------------+-------------+----------+----------------+----------+-------------------------------------------------------------------------------+
* Slice Loads column represents load cell count of all cell types other than IO, GT and clock resources
** IO Loads column represents load cell count of IO types
*** Clocking Loads column represents load cell count that are clock resources (global clock buffer, MMCM, PLL, etc)
**** GT Loads column represents load cell count of GT types


+----+----+------+
|    | X0 | X1   |
+----+----+------+
| Y2 |  0 |  106 |
| Y1 |  0 |    0 |
| Y0 |  0 |    0 |
+----+----+------+


10. Device Cell Placement Summary for Global Clock g4
-----------------------------------------------------

+-----------+-----------------+-------------------+-------------------------------+-------------+----------------+-------------+----------+----------------+----------+------------------------------------+
| Global Id | Driver Type/Pin | Driver Region (D) | Clock                         | Period (ns) | Waveform (ns)  | Slice Loads | IO Loads | Clocking Loads | GT Loads | Net                                |
+-----------+-----------------+-------------------+-------------------------------+-------------+----------------+-------------+----------+----------------+----------+------------------------------------+
| g4        | BUFG/O          | n/a               | clk_out2_design_1_clk_wiz_0_0 |      40.000 | {0.000 20.000} |          81 |        0 |              0 |        0 | design_1_i/clk_wiz_0/inst/clk_out2 |
+-----------+-----------------+-------------------+-------------------------------+-------------+----------------+-------------+----------+----------------+----------+------------------------------------+
* Slice Loads column represents load cell count of all cell types other than IO, GT and clock resources
** IO Loads column represents load cell count of IO types
*** Clocking Loads column represents load cell count that are clock resources (global clock buffer, MMCM, PLL, etc)
**** GT Loads column represents load cell count of GT types


+----+----+-----+
|    | X0 | X1  |
+----+----+-----+
| Y2 |  1 |  80 |
| Y1 |  0 |   0 |
| Y0 |  0 |   0 |
+----+----+-----+


11. Device Cell Placement Summary for Global Clock g5
-----------------------------------------------------

+-----------+-----------------+-------------------+-------+-------------+---------------+-------------+----------+----------------+----------+---------------------------------------------------------------------------------------------------------------------------------+
| Global Id | Driver Type/Pin | Driver Region (D) | Clock | Period (ns) | Waveform (ns) | Slice Loads | IO Loads | Clocking Loads | GT Loads | Net                                                                                                                             |
+-----------+-----------------+-------------------+-------+-------------+---------------+-------------+----------+----------------+----------+---------------------------------------------------------------------------------------------------------------------------------+
| g5        | BUFG/O          | n/a               |       |             |               |          13 |        0 |              0 |        0 | design_1_i/gmii_to_rgmii_0/U0/i_gmii_to_rgmii_block/design_1_gmii_to_rgmii_0_0_core/i_gmii_to_rgmii/i_gmii_to_rgmii/rgmii_rxc_0 |
+-----------+-----------------+-------------------+-------+-------------+---------------+-------------+----------+----------------+----------+---------------------------------------------------------------------------------------------------------------------------------+
* Slice Loads column represents load cell count of all cell types other than IO, GT and clock resources
** IO Loads column represents load cell count of IO types
*** Clocking Loads column represents load cell count that are clock resources (global clock buffer, MMCM, PLL, etc)
**** GT Loads column represents load cell count of GT types


+----+----+-----+
|    | X0 | X1  |
+----+----+-----+
| Y2 |  1 |  12 |
| Y1 |  0 |   0 |
| Y0 |  0 |   0 |
+----+----+-----+


12. Device Cell Placement Summary for Global Clock g6
-----------------------------------------------------

+-----------+-----------------+-------------------+-------------------------------+-------------+---------------+-------------+----------+----------------+----------+-------------------------------------------------------------+
| Global Id | Driver Type/Pin | Driver Region (D) | Clock                         | Period (ns) | Waveform (ns) | Slice Loads | IO Loads | Clocking Loads | GT Loads | Net                                                         |
+-----------+-----------------+-------------------+-------------------------------+-------------+---------------+-------------+----------+----------------+----------+-------------------------------------------------------------+
| g6        | BUFG/O          | n/a               | clkfbout_design_1_clk_wiz_0_0 |      10.000 | {0.000 5.000} |           0 |        0 |              1 |        0 | design_1_i/clk_wiz_0/inst/clkfbout_buf_design_1_clk_wiz_0_0 |
+-----------+-----------------+-------------------+-------------------------------+-------------+---------------+-------------+----------+----------------+----------+-------------------------------------------------------------+
* Slice Loads column represents load cell count of all cell types other than IO, GT and clock resources
** IO Loads column represents load cell count of IO types
*** Clocking Loads column represents load cell count that are clock resources (global clock buffer, MMCM, PLL, etc)
**** GT Loads column represents load cell count of GT types


+----+----+----+
|    | X0 | X1 |
+----+----+----+
| Y2 |  0 |  0 |
| Y1 |  0 |  0 |
| Y0 |  0 |  1 |
+----+----+----+


13. Device Cell Placement Summary for Global Clock g7
-----------------------------------------------------

+-----------+-----------------+-------------------+------------+-------------+-----------------+-------------+----------+----------------+----------+------------------------------------------------+
| Global Id | Driver Type/Pin | Driver Region (D) | Clock      | Period (ns) | Waveform (ns)   | Slice Loads | IO Loads | Clocking Loads | GT Loads | Net                                            |
+-----------+-----------------+-------------------+------------+-------------+-----------------+-------------+----------+----------------+----------+------------------------------------------------+
| g7        | BUFG/O          | n/a               | clk_fpga_2 |     200.000 | {0.000 100.000} |           0 |        1 |              0 |        0 | design_1_i/processing_system7_0/inst/FCLK_CLK2 |
+-----------+-----------------+-------------------+------------+-------------+-----------------+-------------+----------+----------------+----------+------------------------------------------------+
* Slice Loads column represents load cell count of all cell types other than IO, GT and clock resources
** IO Loads column represents load cell count of IO types
*** Clocking Loads column represents load cell count that are clock resources (global clock buffer, MMCM, PLL, etc)
**** GT Loads column represents load cell count of GT types


+----+----+----+
|    | X0 | X1 |
+----+----+----+
| Y2 |  0 |  0 |
| Y1 |  0 |  0 |
| Y0 |  1 |  0 |
+----+----+----+


14. Clock Region Cell Placement per Global Clock: Region X0Y0
-------------------------------------------------------------

+-----------+-------+-----------------+------------+-------------+-----------------+-----+--------+------+-----+----+------+-----+---------+------------------------------------------------+
| Global Id | Track | Driver Type/Pin | Constraint | Clock Loads | Non-Clock Loads | FF  | LUTRAM | RAMB | DSP | GT | MMCM | PLL | Hard IP | Net                                            |
+-----------+-------+-----------------+------------+-------------+-----------------+-----+--------+------+-----+----+------+-----+---------+------------------------------------------------+
| g0        | n/a   | BUFG/O          | None       |         284 |               0 | 275 |      2 |    7 |   0 |  0 |    0 |   0 |       0 | design_1_i/processing_system7_0/inst/FCLK_CLK0 |
| g1        | n/a   | BUFG/O          | None       |         296 |               0 | 288 |      1 |    7 |   0 |  0 |    0 |   0 |       0 | design_1_i/processing_system7_0/inst/FCLK_CLK1 |
| g2        | n/a   | BUFG/O          | None       |          12 |               0 |  12 |      0 |    0 |   0 |  0 |    0 |   0 |       0 | design_1_i/processing_system7_0/inst/FCLK_CLK3 |
| g7        | n/a   | BUFG/O          | None       |           0 |               1 |   0 |      0 |    0 |   0 |  0 |    0 |   0 |       0 | design_1_i/processing_system7_0/inst/FCLK_CLK2 |
+-----------+-------+-----------------+------------+-------------+-----------------+-----+--------+------+-----+----+------+-----+---------+------------------------------------------------+
* Clock Loads column represents the clock pin loads (pin count)
** Non-Clock Loads column represents the non-clock pin loads (pin count)
*** Columns FF, LUTRAM, RAMB through 'Hard IP' represents load cell counts


15. Clock Region Cell Placement per Global Clock: Region X1Y0
-------------------------------------------------------------

+-----------+-------+-----------------+------------+-------------+-----------------+-----+--------+------+-----+----+------+-----+---------+-------------------------------------------------------------+
| Global Id | Track | Driver Type/Pin | Constraint | Clock Loads | Non-Clock Loads | FF  | LUTRAM | RAMB | DSP | GT | MMCM | PLL | Hard IP | Net                                                         |
+-----------+-------+-----------------+------------+-------------+-----------------+-----+--------+------+-----+----+------+-----+---------+-------------------------------------------------------------+
| g0        | n/a   | BUFG/O          | None       |         276 |               0 | 266 |      2 |    7 |   0 |  0 |    1 |   0 |       0 | design_1_i/processing_system7_0/inst/FCLK_CLK0              |
| g1        | n/a   | BUFG/O          | None       |         277 |               0 | 269 |      1 |    7 |   0 |  0 |    0 |   0 |       0 | design_1_i/processing_system7_0/inst/FCLK_CLK1              |
| g6        | n/a   | BUFG/O          | None       |           1 |               0 |   0 |      0 |    0 |   0 |  0 |    1 |   0 |       0 | design_1_i/clk_wiz_0/inst/clkfbout_buf_design_1_clk_wiz_0_0 |
+-----------+-------+-----------------+------------+-------------+-----------------+-----+--------+------+-----+----+------+-----+---------+-------------------------------------------------------------+
* Clock Loads column represents the clock pin loads (pin count)
** Non-Clock Loads column represents the non-clock pin loads (pin count)
*** Columns FF, LUTRAM, RAMB through 'Hard IP' represents load cell counts


16. Clock Region Cell Placement per Global Clock: Region X0Y1
-------------------------------------------------------------

+-----------+-------+-----------------+------------+-------------+-----------------+------+--------+------+-----+----+------+-----+---------+------------------------------------------------+
| Global Id | Track | Driver Type/Pin | Constraint | Clock Loads | Non-Clock Loads | FF   | LUTRAM | RAMB | DSP | GT | MMCM | PLL | Hard IP | Net                                            |
+-----------+-------+-----------------+------------+-------------+-----------------+------+--------+------+-----+----+------+-----+---------+------------------------------------------------+
| g0        | n/a   | BUFG/O          | None       |        2605 |               0 | 2473 |    125 |    7 |   0 |  0 |    0 |   0 |       0 | design_1_i/processing_system7_0/inst/FCLK_CLK0 |
| g1        | n/a   | BUFG/O          | None       |         545 |               0 |  535 |      3 |    7 |   0 |  0 |    0 |   0 |       0 | design_1_i/processing_system7_0/inst/FCLK_CLK1 |
| g2        | n/a   | BUFG/O          | None       |         232 |               0 |  232 |      0 |    0 |   0 |  0 |    0 |   0 |       0 | design_1_i/processing_system7_0/inst/FCLK_CLK3 |
+-----------+-------+-----------------+------------+-------------+-----------------+------+--------+------+-----+----+------+-----+---------+------------------------------------------------+
* Clock Loads column represents the clock pin loads (pin count)
** Non-Clock Loads column represents the non-clock pin loads (pin count)
*** Columns FF, LUTRAM, RAMB through 'Hard IP' represents load cell counts


17. Clock Region Cell Placement per Global Clock: Region X1Y1
-------------------------------------------------------------

+-----------+-------+-----------------+------------+-------------+-----------------+------+--------+------+-----+----+------+-----+---------+------------------------------------------------+
| Global Id | Track | Driver Type/Pin | Constraint | Clock Loads | Non-Clock Loads | FF   | LUTRAM | RAMB | DSP | GT | MMCM | PLL | Hard IP | Net                                            |
+-----------+-------+-----------------+------------+-------------+-----------------+------+--------+------+-----+----+------+-----+---------+------------------------------------------------+
| g0        | n/a   | BUFG/O          | None       |        2482 |               0 | 2420 |     53 |    9 |   0 |  0 |    0 |   0 |       0 | design_1_i/processing_system7_0/inst/FCLK_CLK0 |
| g1        | n/a   | BUFG/O          | None       |         988 |               0 |  972 |      7 |    9 |   0 |  0 |    0 |   0 |       0 | design_1_i/processing_system7_0/inst/FCLK_CLK1 |
| g2        | n/a   | BUFG/O          | None       |         207 |               0 |  207 |      0 |    0 |   0 |  0 |    0 |   0 |       0 | design_1_i/processing_system7_0/inst/FCLK_CLK3 |
+-----------+-------+-----------------+------------+-------------+-----------------+------+--------+------+-----+----+------+-----+---------+------------------------------------------------+
* Clock Loads column represents the clock pin loads (pin count)
** Non-Clock Loads column represents the non-clock pin loads (pin count)
*** Columns FF, LUTRAM, RAMB through 'Hard IP' represents load cell counts


18. Clock Region Cell Placement per Global Clock: Region X0Y2
-------------------------------------------------------------

+-----------+-------+-----------------+------------+-------------+-----------------+------+--------+------+-----+----+------+-----+---------+---------------------------------------------------------------------------------------------------------------------------------+
| Global Id | Track | Driver Type/Pin | Constraint | Clock Loads | Non-Clock Loads | FF   | LUTRAM | RAMB | DSP | GT | MMCM | PLL | Hard IP | Net                                                                                                                             |
+-----------+-------+-----------------+------------+-------------+-----------------+------+--------+------+-----+----+------+-----+---------+---------------------------------------------------------------------------------------------------------------------------------+
| g0        | n/a   | BUFG/O          | None       |        2373 |               0 | 2280 |     92 |    0 |   0 |  0 |    0 |   0 |       0 | design_1_i/processing_system7_0/inst/FCLK_CLK0                                                                                  |
| g2        | n/a   | BUFG/O          | None       |         222 |               0 |  222 |      0 |    0 |   0 |  0 |    0 |   0 |       0 | design_1_i/processing_system7_0/inst/FCLK_CLK3                                                                                  |
| g4        | n/a   | BUFG/O          | None       |           1 |               0 |    0 |      0 |    0 |   0 |  0 |    0 |   0 |       0 | design_1_i/clk_wiz_0/inst/clk_out2                                                                                              |
| g5        | n/a   | BUFG/O          | None       |           1 |               0 |    0 |      0 |    0 |   0 |  0 |    0 |   0 |       0 | design_1_i/gmii_to_rgmii_0/U0/i_gmii_to_rgmii_block/design_1_gmii_to_rgmii_0_0_core/i_gmii_to_rgmii/i_gmii_to_rgmii/rgmii_rxc_0 |
+-----------+-------+-----------------+------------+-------------+-----------------+------+--------+------+-----+----+------+-----+---------+---------------------------------------------------------------------------------------------------------------------------------+
* Clock Loads column represents the clock pin loads (pin count)
** Non-Clock Loads column represents the non-clock pin loads (pin count)
*** Columns FF, LUTRAM, RAMB through 'Hard IP' represents load cell counts


19. Clock Region Cell Placement per Global Clock: Region X1Y2
-------------------------------------------------------------

+-----------+-------+-----------------+------------+-------------+-----------------+------+--------+------+-----+----+------+-----+---------+---------------------------------------------------------------------------------------------------------------------------------+
| Global Id | Track | Driver Type/Pin | Constraint | Clock Loads | Non-Clock Loads | FF   | LUTRAM | RAMB | DSP | GT | MMCM | PLL | Hard IP | Net                                                                                                                             |
+-----------+-------+-----------------+------------+-------------+-----------------+------+--------+------+-----+----+------+-----+---------+---------------------------------------------------------------------------------------------------------------------------------+
| g0        | n/a   | BUFG/O          | None       |        3243 |               0 | 3152 |     91 |    0 |   0 |  0 |    0 |   0 |       0 | design_1_i/processing_system7_0/inst/FCLK_CLK0                                                                                  |
| g3        | n/a   | BUFG/O          | None       |         106 |               0 |  105 |      0 |    0 |   0 |  0 |    0 |   0 |       0 | design_1_i/gmii_to_rgmii_0/U0/i_design_1_gmii_to_rgmii_0_0_clocking/clkin_out                                                   |
| g4        | n/a   | BUFG/O          | None       |          80 |               0 |   73 |      1 |    0 |   0 |  0 |    0 |   0 |       0 | design_1_i/clk_wiz_0/inst/clk_out2                                                                                              |
| g5        | n/a   | BUFG/O          | None       |          12 |               0 |   12 |      0 |    0 |   0 |  0 |    0 |   0 |       0 | design_1_i/gmii_to_rgmii_0/U0/i_gmii_to_rgmii_block/design_1_gmii_to_rgmii_0_0_core/i_gmii_to_rgmii/i_gmii_to_rgmii/rgmii_rxc_0 |
+-----------+-------+-----------------+------------+-------------+-----------------+------+--------+------+-----+----+------+-----+---------+---------------------------------------------------------------------------------------------------------------------------------+
* Clock Loads column represents the clock pin loads (pin count)
** Non-Clock Loads column represents the non-clock pin loads (pin count)
*** Columns FF, LUTRAM, RAMB through 'Hard IP' represents load cell counts



# Location of BUFG Primitives 
set_property LOC BUFGCTRL_X0Y17 [get_cells design_1_i/processing_system7_0/inst/buffer_fclk_clk_3.FCLK_CLK_3_BUFG]
set_property LOC BUFGCTRL_X0Y19 [get_cells design_1_i/processing_system7_0/inst/buffer_fclk_clk_2.FCLK_CLK_2_BUFG]
set_property LOC BUFGCTRL_X0Y20 [get_cells design_1_i/processing_system7_0/inst/buffer_fclk_clk_1.FCLK_CLK_1_BUFG]
set_property LOC BUFGCTRL_X0Y16 [get_cells design_1_i/processing_system7_0/inst/buffer_fclk_clk_0.FCLK_CLK_0_BUFG]
set_property LOC BUFGCTRL_X0Y18 [get_cells design_1_i/gmii_to_rgmii_0/U0/i_gmii_to_rgmii_block/design_1_gmii_to_rgmii_0_0_core/i_gmii_to_rgmii/i_gmii_to_rgmii/bufg_rgmii_rx_clk]
set_property LOC BUFGCTRL_X0Y0 [get_cells design_1_i/gmii_to_rgmii_0/U0/i_design_1_gmii_to_rgmii_0_0_clocking/i_bufg_clk_in]
set_property LOC BUFGCTRL_X0Y2 [get_cells design_1_i/clk_wiz_0/inst/clkf_buf]
set_property LOC BUFGCTRL_X0Y1 [get_cells design_1_i/clk_wiz_0/inst/clkout2_buf]

# Location of BUFIO Primitives 
set_property LOC BUFIO_X1Y8 [get_cells design_1_i/gmii_to_rgmii_0/U0/i_gmii_to_rgmii_block/design_1_gmii_to_rgmii_0_0_core/i_gmii_to_rgmii/i_gmii_to_rgmii/bufio_rgmii_rx_clk]

# Location of IO Primitives which is load of clock spine
set_property LOC IOB_X0Y22 [get_cells BUS_CLK_OBUF_inst]

# Location of clock ports
set_property LOC IOB_X1Y122 [get_ports RGMII_0_rxc]

# Clock net "design_1_i/processing_system7_0/inst/FCLK_CLK3" driven by instance "design_1_i/processing_system7_0/inst/buffer_fclk_clk_3.FCLK_CLK_3_BUFG" located at site "BUFGCTRL_X0Y17"
#startgroup
create_pblock {CLKAG_design_1_i/processing_system7_0/inst/FCLK_CLK3}
add_cells_to_pblock [get_pblocks  {CLKAG_design_1_i/processing_system7_0/inst/FCLK_CLK3}] [get_cells -filter { PRIMITIVE_GROUP != I/O && IS_PRIMITIVE==1 && PRIMITIVE_LEVEL !=INTERNAL } -of_object [get_pins -filter {DIRECTION==IN} -of_objects [get_nets -hierarchical -filter {PARENT=="design_1_i/processing_system7_0/inst/FCLK_CLK3"}]]]
resize_pblock [get_pblocks {CLKAG_design_1_i/processing_system7_0/inst/FCLK_CLK3}] -add {CLOCKREGION_X0Y0:CLOCKREGION_X0Y0 CLOCKREGION_X0Y1:CLOCKREGION_X0Y1 CLOCKREGION_X0Y2:CLOCKREGION_X0Y2 CLOCKREGION_X1Y1:CLOCKREGION_X1Y1}
#endgroup

# Clock net "design_1_i/processing_system7_0/inst/FCLK_CLK1" driven by instance "design_1_i/processing_system7_0/inst/buffer_fclk_clk_1.FCLK_CLK_1_BUFG" located at site "BUFGCTRL_X0Y20"
#startgroup
create_pblock {CLKAG_design_1_i/processing_system7_0/inst/FCLK_CLK1}
add_cells_to_pblock [get_pblocks  {CLKAG_design_1_i/processing_system7_0/inst/FCLK_CLK1}] [get_cells -filter { PRIMITIVE_GROUP != I/O && IS_PRIMITIVE==1 && PRIMITIVE_LEVEL !=INTERNAL } -of_object [get_pins -filter {DIRECTION==IN} -of_objects [get_nets -hierarchical -filter {PARENT=="design_1_i/processing_system7_0/inst/FCLK_CLK1"}]]]
resize_pblock [get_pblocks {CLKAG_design_1_i/processing_system7_0/inst/FCLK_CLK1}] -add {CLOCKREGION_X0Y0:CLOCKREGION_X0Y0 CLOCKREGION_X0Y1:CLOCKREGION_X0Y1 CLOCKREGION_X1Y0:CLOCKREGION_X1Y0 CLOCKREGION_X1Y1:CLOCKREGION_X1Y1}
#endgroup

# Clock net "design_1_i/processing_system7_0/inst/FCLK_CLK0" driven by instance "design_1_i/processing_system7_0/inst/buffer_fclk_clk_0.FCLK_CLK_0_BUFG" located at site "BUFGCTRL_X0Y16"
#startgroup
create_pblock {CLKAG_design_1_i/processing_system7_0/inst/FCLK_CLK0}
add_cells_to_pblock [get_pblocks  {CLKAG_design_1_i/processing_system7_0/inst/FCLK_CLK0}] [get_cells -filter { PRIMITIVE_GROUP != I/O && IS_PRIMITIVE==1 && PRIMITIVE_LEVEL !=INTERNAL && NAME!=design_1_i/clk_wiz_0/inst/mmcm_adv_inst} -of_object [get_pins -filter {DIRECTION==IN} -of_objects [get_nets -hierarchical -filter {PARENT=="design_1_i/processing_system7_0/inst/FCLK_CLK0"}]]]
resize_pblock [get_pblocks {CLKAG_design_1_i/processing_system7_0/inst/FCLK_CLK0}] -add {CLOCKREGION_X0Y0:CLOCKREGION_X0Y0 CLOCKREGION_X0Y1:CLOCKREGION_X0Y1 CLOCKREGION_X0Y2:CLOCKREGION_X0Y2 CLOCKREGION_X1Y0:CLOCKREGION_X1Y0 CLOCKREGION_X1Y1:CLOCKREGION_X1Y1 CLOCKREGION_X1Y2:CLOCKREGION_X1Y2}
#endgroup

# Clock net "design_1_i/gmii_to_rgmii_0/U0/i_gmii_to_rgmii_block/design_1_gmii_to_rgmii_0_0_core/i_gmii_to_rgmii/i_gmii_to_rgmii/rgmii_rxc_0" driven by instance "design_1_i/gmii_to_rgmii_0/U0/i_gmii_to_rgmii_block/design_1_gmii_to_rgmii_0_0_core/i_gmii_to_rgmii/i_gmii_to_rgmii/bufg_rgmii_rx_clk" located at site "BUFGCTRL_X0Y18"
#startgroup
create_pblock {CLKAG_design_1_i/gmii_to_rgmii_0/U0/i_gmii_to_rgmii_block/design_1_gmii_to_rgmii_0_0_core/i_gmii_to_rgmii/i_gmii_to_rgmii/rgmii_rxc_0}
add_cells_to_pblock [get_pblocks  {CLKAG_design_1_i/gmii_to_rgmii_0/U0/i_gmii_to_rgmii_block/design_1_gmii_to_rgmii_0_0_core/i_gmii_to_rgmii/i_gmii_to_rgmii/rgmii_rxc_0}] [get_cells -filter { PRIMITIVE_GROUP != I/O && IS_PRIMITIVE==1 && PRIMITIVE_LEVEL !=INTERNAL } -of_object [get_pins -filter {DIRECTION==IN} -of_objects [get_nets -hierarchical -filter {PARENT=="design_1_i/gmii_to_rgmii_0/U0/i_gmii_to_rgmii_block/design_1_gmii_to_rgmii_0_0_core/i_gmii_to_rgmii/i_gmii_to_rgmii/rgmii_rxc_0"}]]]
resize_pblock [get_pblocks {CLKAG_design_1_i/gmii_to_rgmii_0/U0/i_gmii_to_rgmii_block/design_1_gmii_to_rgmii_0_0_core/i_gmii_to_rgmii/i_gmii_to_rgmii/rgmii_rxc_0}] -add {CLOCKREGION_X0Y2:CLOCKREGION_X0Y2 CLOCKREGION_X1Y2:CLOCKREGION_X1Y2}
#endgroup

# Clock net "design_1_i/gmii_to_rgmii_0/U0/i_design_1_gmii_to_rgmii_0_0_clocking/clkin_out" driven by instance "design_1_i/gmii_to_rgmii_0/U0/i_design_1_gmii_to_rgmii_0_0_clocking/i_bufg_clk_in" located at site "BUFGCTRL_X0Y0"
#startgroup
create_pblock {CLKAG_design_1_i/gmii_to_rgmii_0/U0/i_design_1_gmii_to_rgmii_0_0_clocking/clkin_out}
add_cells_to_pblock [get_pblocks  {CLKAG_design_1_i/gmii_to_rgmii_0/U0/i_design_1_gmii_to_rgmii_0_0_clocking/clkin_out}] [get_cells -filter { PRIMITIVE_GROUP != I/O && IS_PRIMITIVE==1 && PRIMITIVE_LEVEL !=INTERNAL } -of_object [get_pins -filter {DIRECTION==IN} -of_objects [get_nets -hierarchical -filter {PARENT=="design_1_i/gmii_to_rgmii_0/U0/i_design_1_gmii_to_rgmii_0_0_clocking/clkin_out"}]]]
resize_pblock [get_pblocks {CLKAG_design_1_i/gmii_to_rgmii_0/U0/i_design_1_gmii_to_rgmii_0_0_clocking/clkin_out}] -add {CLOCKREGION_X1Y2:CLOCKREGION_X1Y2}
#endgroup

# Clock net "design_1_i/clk_wiz_0/inst/clk_out2" driven by instance "design_1_i/clk_wiz_0/inst/clkout2_buf" located at site "BUFGCTRL_X0Y1"
#startgroup
create_pblock {CLKAG_design_1_i/clk_wiz_0/inst/clk_out2}
add_cells_to_pblock [get_pblocks  {CLKAG_design_1_i/clk_wiz_0/inst/clk_out2}] [get_cells -filter { PRIMITIVE_GROUP != I/O && IS_PRIMITIVE==1 && PRIMITIVE_LEVEL !=INTERNAL } -of_object [get_pins -filter {DIRECTION==IN} -of_objects [get_nets -hierarchical -filter {PARENT=="design_1_i/clk_wiz_0/inst/clk_out2"}]]]
resize_pblock [get_pblocks {CLKAG_design_1_i/clk_wiz_0/inst/clk_out2}] -add {CLOCKREGION_X0Y2:CLOCKREGION_X0Y2 CLOCKREGION_X1Y2:CLOCKREGION_X1Y2}
#endgroup
