#-----------------------------------------------------------
# Webtalk v2019.1 (64-bit)
# SW Build 2552052 on Fri May 24 14:47:09 MDT 2019
# 
# Start of session at: Tue Sep  5 19:32:47 2023
# Process ID: 28162
# Current directory: /home/scope/Desktop/hdmi/Zybo-Z7-20-HDMI-v2018.2-2/vivado_proj/Zybo-Z7-20-HDMI.sdk/webtalk
# Command line: wbtcv -mode batch -source sdk_webtalk.tcl
# Log file: /home/scope/Desktop/hdmi/Zybo-Z7-20-HDMI-v2018.2-2/vivado_proj/Zybo-Z7-20-HDMI.sdk/webtalk/webtalk.log
# Journal file: /home/scope/Desktop/hdmi/Zybo-Z7-20-HDMI-v2018.2-2/vivado_proj/Zybo-Z7-20-HDMI.sdk/webtalk/webtalk.jou
#-----------------------------------------------------------
source sdk_webtalk.tcl
# webtalk_init -webtalk_dir /home/scope/Desktop/hdmi/Zybo-Z7-20-HDMI-v2018.2-2/vivado_proj/Zybo-Z7-20-HDMI.sdk/webtalk
# webtalk_register_client -client project
# webtalk_add_data -client project -key date_generated -value "2023-09-05 19:32:45" -context "software_version_and_target_device"
# webtalk_add_data -client project -key product_version -value "SDK v2019.1" -context "software_version_and_target_device"
# webtalk_add_data -client project -key build_version -value "2019.1" -context "software_version_and_target_device"
# webtalk_add_data -client project -key os_platform -value "amd64" -context "software_version_and_target_device"
# webtalk_add_data -client project -key registration_id -value "" -context "software_version_and_target_device"
# webtalk_add_data -client project -key tool_flow -value "SDK" -context "software_version_and_target_device"
# webtalk_add_data -client project -key beta -value "false" -context "software_version_and_target_device"
# webtalk_add_data -client project -key route_design -value "NA" -context "software_version_and_target_device"
# webtalk_add_data -client project -key target_family -value "NA" -context "software_version_and_target_device"
# webtalk_add_data -client project -key target_device -value "NA" -context "software_version_and_target_device"
# webtalk_add_data -client project -key target_package -value "NA" -context "software_version_and_target_device"
# webtalk_add_data -client project -key target_speed -value "NA" -context "software_version_and_target_device"
# webtalk_add_data -client project -key random_id -value "pkg4fg830utq7or2pvb34mr49b" -context "software_version_and_target_device"
# webtalk_add_data -client project -key project_id -value "2019.1_12" -context "software_version_and_target_device"
# webtalk_add_data -client project -key project_iteration -value "12" -context "software_version_and_target_device"
# webtalk_add_data -client project -key os_name -value "Ubuntu" -context "user_environment"
# webtalk_add_data -client project -key os_release -value "Ubuntu 16.04.7 LTS" -context "user_environment"
# webtalk_add_data -client project -key cpu_name -value "Intel(R) Core(TM) i5-8250U CPU @ 1.60GHz" -context "user_environment"
# webtalk_add_data -client project -key cpu_speed -value "3099.022 MHz" -context "user_environment"
# webtalk_add_data -client project -key total_processors -value "1" -context "user_environment"
# webtalk_add_data -client project -key system_ram -value "20.937 GB" -context "user_environment"
# webtalk_register_client -client sdk
# webtalk_add_data -client sdk -key uid -value "1693913094000" -context "sdk\\\\hardware/1693913094000"
# webtalk_add_data -client sdk -key isZynq -value "true" -context "sdk\\\\hardware/1693913094000"
# webtalk_add_data -client sdk -key isZynqMP -value "false" -context "sdk\\\\hardware/1693913094000"
# webtalk_add_data -client sdk -key Processors -value "2" -context "sdk\\\\hardware/1693913094000"
# webtalk_add_data -client sdk -key VivadoVersion -value "2019.1" -context "sdk\\\\hardware/1693913094000"
# webtalk_add_data -client sdk -key Arch -value "zynq" -context "sdk\\\\hardware/1693913094000"
# webtalk_add_data -client sdk -key Device -value "7z020" -context "sdk\\\\hardware/1693913094000"
# webtalk_add_data -client sdk -key IsHandoff -value "true" -context "sdk\\\\hardware/1693913094000"
# webtalk_add_data -client sdk -key os -value "NA" -context "sdk\\\\hardware/1693913094000"
# webtalk_add_data -client sdk -key apptemplate -value "NA" -context "sdk\\\\hardware/1693913094000"
# webtalk_add_data -client sdk -key RecordType -value "HWCreation" -context "sdk\\\\hardware/1693913094000"
# webtalk_add_data -client sdk -key uid -value "1693913262000" -context "sdk\\\\bsp/1693913262000"
# webtalk_add_data -client sdk -key hwid -value "1693913094000" -context "sdk\\\\bsp/1693913262000"
# webtalk_add_data -client sdk -key os -value "standalone" -context "sdk\\\\bsp/1693913262000"
# webtalk_add_data -client sdk -key apptemplate -value "hello_world" -context "sdk\\\\bsp/1693913262000"
# webtalk_add_data -client sdk -key RecordType -value "BSPCreation" -context "sdk\\\\bsp/1693913262000"
# webtalk_add_data -client sdk -key uid -value "1693913271000" -context "sdk\\\\application/1693913271000"
# webtalk_add_data -client sdk -key hwid -value "1693913094000" -context "sdk\\\\application/1693913271000"
# webtalk_add_data -client sdk -key bspid -value "1693913262000" -context "sdk\\\\application/1693913271000"
# webtalk_add_data -client sdk -key newbsp -value "true" -context "sdk\\\\application/1693913271000"
# webtalk_add_data -client sdk -key os -value "standalone" -context "sdk\\\\application/1693913271000"
# webtalk_add_data -client sdk -key apptemplate -value "hello_world" -context "sdk\\\\application/1693913271000"
# webtalk_add_data -client sdk -key RecordType -value "APPCreation" -context "sdk\\\\application/1693913271000"
# webtalk_add_data -client sdk -key LangUsed -value "C" -context "sdk\\\\application/1693913271000"
# webtalk_add_data -client sdk -key Procused -value "ps7_cortexa9" -context "sdk\\\\application/1693913271000"
# webtalk_add_data -client sdk -key uid -value "1693913819000" -context "sdk\\\\bsp/1693913819000"
# webtalk_add_data -client sdk -key hwid -value "1693913094000" -context "sdk\\\\bsp/1693913819000"
# webtalk_add_data -client sdk -key os -value "standalone" -context "sdk\\\\bsp/1693913819000"
# webtalk_add_data -client sdk -key apptemplate -value "hello_world" -context "sdk\\\\bsp/1693913819000"
# webtalk_add_data -client sdk -key RecordType -value "BSPCreation" -context "sdk\\\\bsp/1693913819000"
# webtalk_add_data -client sdk -key uid -value "1693913821000" -context "sdk\\\\application/1693913821000"
# webtalk_add_data -client sdk -key hwid -value "1693913094000" -context "sdk\\\\application/1693913821000"
# webtalk_add_data -client sdk -key bspid -value "1693913819000" -context "sdk\\\\application/1693913821000"
# webtalk_add_data -client sdk -key newbsp -value "true" -context "sdk\\\\application/1693913821000"
# webtalk_add_data -client sdk -key os -value "standalone" -context "sdk\\\\application/1693913821000"
# webtalk_add_data -client sdk -key apptemplate -value "hello_world" -context "sdk\\\\application/1693913821000"
# webtalk_add_data -client sdk -key RecordType -value "APPCreation" -context "sdk\\\\application/1693913821000"
# webtalk_add_data -client sdk -key LangUsed -value "C" -context "sdk\\\\application/1693913821000"
# webtalk_add_data -client sdk -key Procused -value "ps7_cortexa9" -context "sdk\\\\application/1693913821000"
# webtalk_add_data -client sdk -key projSize -value "683.48046875" -context "sdk\\\\application/1693913821000"
# webtalk_add_data -client sdk -key uid -value "NA" -context "sdk\\\\bsp/1693922565542"
# webtalk_add_data -client sdk -key RecordType -value "ToolUsage" -context "sdk\\\\bsp/1693922565542"
# webtalk_add_data -client sdk -key BootgenCount -value "0" -context "sdk\\\\bsp/1693922565542"
# webtalk_add_data -client sdk -key DebugCount -value "9" -context "sdk\\\\bsp/1693922565542"
# webtalk_add_data -client sdk -key PerfCount -value "0" -context "sdk\\\\bsp/1693922565542"
# webtalk_add_data -client sdk -key FlashCount -value "0" -context "sdk\\\\bsp/1693922565542"
# webtalk_add_data -client sdk -key CrossTriggCount -value "0" -context "sdk\\\\bsp/1693922565542"
# webtalk_add_data -client sdk -key QemuDebugCount -value "0" -context "sdk\\\\bsp/1693922565542"
# webtalk_transmit -clientid 3879651426 -regid "" -xml /home/scope/Desktop/hdmi/Zybo-Z7-20-HDMI-v2018.2-2/vivado_proj/Zybo-Z7-20-HDMI.sdk/webtalk/usage_statistics_ext_sdk.xml -html /home/scope/Desktop/hdmi/Zybo-Z7-20-HDMI-v2018.2-2/vivado_proj/Zybo-Z7-20-HDMI.sdk/webtalk/usage_statistics_ext_sdk.html -wdm /home/scope/Desktop/hdmi/Zybo-Z7-20-HDMI-v2018.2-2/vivado_proj/Zybo-Z7-20-HDMI.sdk/webtalk/sdk_webtalk.wdm -intro "<H3>SDK Usage Report</H3><BR>"
# webtalk_terminate
INFO: [Common 17-206] Exiting Webtalk at Tue Sep  5 19:32:48 2023...
