#-----------------------------------------------------------
# Webtalk v2019.1 (64-bit)
# SW Build 2552052 on Fri May 24 14:47:09 MDT 2019
# 
# Start of session at: Fri Nov 24 11:46:15 2023
# Process ID: 26216
# Current directory: /home/scope/Desktop/hdmi/InAS_without_hdmi/vivado_proj/Zybo-Z7-20-HDMI.sdk/webtalk
# Command line: wbtcv -mode batch -source sdk_webtalk.tcl
# Log file: /home/scope/Desktop/hdmi/InAS_without_hdmi/vivado_proj/Zybo-Z7-20-HDMI.sdk/webtalk/webtalk.log
# Journal file: /home/scope/Desktop/hdmi/InAS_without_hdmi/vivado_proj/Zybo-Z7-20-HDMI.sdk/webtalk/webtalk.jou
#-----------------------------------------------------------
source sdk_webtalk.tcl
# webtalk_init -webtalk_dir /home/scope/Desktop/hdmi/InAS_without_hdmi/vivado_proj/Zybo-Z7-20-HDMI.sdk/webtalk
# webtalk_register_client -client project
# webtalk_add_data -client project -key date_generated -value "2023-11-24 11:46:13" -context "software_version_and_target_device"
# webtalk_add_data -client project -key product_version -value "SDK v2019.1" -context "software_version_and_target_device"
# webtalk_add_data -client project -key build_version -value "2019.1" -context "software_version_and_target_device"
# webtalk_add_data -client project -key os_platform -value "amd64" -context "software_version_and_target_device"
# webtalk_add_data -client project -key registration_id -value "" -context "software_version_and_target_device"
# webtalk_add_data -client project -key tool_flow -value "SDK" -context "software_version_and_target_device"
# webtalk_add_data -client project -key beta -value "false" -context "software_version_and_target_device"
# webtalk_add_data -client project -key route_design -value "NA" -context "software_version_and_target_device"
# webtalk_add_data -client project -key target_family -value "NA" -context "software_version_and_target_device"
# webtalk_add_data -client project -key target_device -value "NA" -context "software_version_and_target_device"
# webtalk_add_data -client project -key target_package -value "NA" -context "software_version_and_target_device"
# webtalk_add_data -client project -key target_speed -value "NA" -context "software_version_and_target_device"
# webtalk_add_data -client project -key random_id -value "u4re45ijeb6iq4c05c0qoqm29a" -context "software_version_and_target_device"
# webtalk_add_data -client project -key project_id -value "2019.1_2" -context "software_version_and_target_device"
# webtalk_add_data -client project -key project_iteration -value "2" -context "software_version_and_target_device"
# webtalk_add_data -client project -key os_name -value "Ubuntu" -context "user_environment"
# webtalk_add_data -client project -key os_release -value "Ubuntu 16.04.7 LTS" -context "user_environment"
# webtalk_add_data -client project -key cpu_name -value "Intel(R) Core(TM) i5-8250U CPU @ 1.60GHz" -context "user_environment"
# webtalk_add_data -client project -key cpu_speed -value "2833.314 MHz" -context "user_environment"
# webtalk_add_data -client project -key total_processors -value "1" -context "user_environment"
# webtalk_add_data -client project -key system_ram -value "20.937 GB" -context "user_environment"
# webtalk_register_client -client sdk
# webtalk_add_data -client sdk -key uid -value "1700805972000" -context "sdk\\\\bsp/1700805972000"
# webtalk_add_data -client sdk -key hwid -value "1698639839000" -context "sdk\\\\bsp/1700805972000"
# webtalk_add_data -client sdk -key os -value "standalone" -context "sdk\\\\bsp/1700805972000"
# webtalk_add_data -client sdk -key apptemplate -value "hello_world" -context "sdk\\\\bsp/1700805972000"
# webtalk_add_data -client sdk -key RecordType -value "BSPCreation" -context "sdk\\\\bsp/1700805972000"
# webtalk_add_data -client sdk -key uid -value "1700805981000" -context "sdk\\\\application/1700805981000"
# webtalk_add_data -client sdk -key hwid -value "1698639839000" -context "sdk\\\\application/1700805981000"
# webtalk_add_data -client sdk -key bspid -value "1700805972000" -context "sdk\\\\application/1700805981000"
# webtalk_add_data -client sdk -key newbsp -value "true" -context "sdk\\\\application/1700805981000"
# webtalk_add_data -client sdk -key os -value "standalone" -context "sdk\\\\application/1700805981000"
# webtalk_add_data -client sdk -key apptemplate -value "hello_world" -context "sdk\\\\application/1700805981000"
# webtalk_add_data -client sdk -key RecordType -value "APPCreation" -context "sdk\\\\application/1700805981000"
# webtalk_add_data -client sdk -key LangUsed -value "C" -context "sdk\\\\application/1700805981000"
# webtalk_add_data -client sdk -key Procused -value "ps7_cortexa9" -context "sdk\\\\application/1700805981000"
# webtalk_add_data -client sdk -key projSize -value "231.2109375" -context "sdk\\\\application/1700805981000"
# webtalk_add_data -client sdk -key uid -value "NA" -context "sdk\\\\bsp/1700806573579"
# webtalk_add_data -client sdk -key RecordType -value "ToolUsage" -context "sdk\\\\bsp/1700806573579"
# webtalk_add_data -client sdk -key BootgenCount -value "0" -context "sdk\\\\bsp/1700806573579"
# webtalk_add_data -client sdk -key DebugCount -value "5" -context "sdk\\\\bsp/1700806573579"
# webtalk_add_data -client sdk -key PerfCount -value "0" -context "sdk\\\\bsp/1700806573579"
# webtalk_add_data -client sdk -key FlashCount -value "0" -context "sdk\\\\bsp/1700806573579"
# webtalk_add_data -client sdk -key CrossTriggCount -value "0" -context "sdk\\\\bsp/1700806573579"
# webtalk_add_data -client sdk -key QemuDebugCount -value "0" -context "sdk\\\\bsp/1700806573579"
# webtalk_transmit -clientid 3677237254 -regid "" -xml /home/scope/Desktop/hdmi/InAS_without_hdmi/vivado_proj/Zybo-Z7-20-HDMI.sdk/webtalk/usage_statistics_ext_sdk.xml -html /home/scope/Desktop/hdmi/InAS_without_hdmi/vivado_proj/Zybo-Z7-20-HDMI.sdk/webtalk/usage_statistics_ext_sdk.html -wdm /home/scope/Desktop/hdmi/InAS_without_hdmi/vivado_proj/Zybo-Z7-20-HDMI.sdk/webtalk/sdk_webtalk.wdm -intro "<H3>SDK Usage Report</H3><BR>"
# webtalk_terminate
INFO: [Common 17-206] Exiting Webtalk at Fri Nov 24 11:46:16 2023...
