#-----------------------------------------------------------
# Webtalk v2019.1 (64-bit)
# SW Build 2552052 on Fri May 24 14:47:09 MDT 2019
# 
# Start of session at: Thu Mar  7 18:20:47 2024
# Process ID: 8142
# Current directory: /home/scope/Desktop/hdmi/InAS_custom_Uart/vivado_proj/Zybo-Z7-20-HDMI.sdk/webtalk
# Command line: wbtcv -mode batch -source sdk_webtalk.tcl
# Log file: /home/scope/Desktop/hdmi/InAS_custom_Uart/vivado_proj/Zybo-Z7-20-HDMI.sdk/webtalk/webtalk.log
# Journal file: /home/scope/Desktop/hdmi/InAS_custom_Uart/vivado_proj/Zybo-Z7-20-HDMI.sdk/webtalk/webtalk.jou
#-----------------------------------------------------------
source sdk_webtalk.tcl
# webtalk_init -webtalk_dir /home/scope/Desktop/hdmi/InAS_custom_Uart/vivado_proj/Zybo-Z7-20-HDMI.sdk/webtalk
# webtalk_register_client -client project
# webtalk_add_data -client project -key date_generated -value "2024-03-07 18:20:45" -context "software_version_and_target_device"
# webtalk_add_data -client project -key product_version -value "SDK v2019.1" -context "software_version_and_target_device"
# webtalk_add_data -client project -key build_version -value "2019.1" -context "software_version_and_target_device"
# webtalk_add_data -client project -key os_platform -value "amd64" -context "software_version_and_target_device"
# webtalk_add_data -client project -key registration_id -value "" -context "software_version_and_target_device"
# webtalk_add_data -client project -key tool_flow -value "SDK" -context "software_version_and_target_device"
# webtalk_add_data -client project -key beta -value "false" -context "software_version_and_target_device"
# webtalk_add_data -client project -key route_design -value "NA" -context "software_version_and_target_device"
# webtalk_add_data -client project -key target_family -value "NA" -context "software_version_and_target_device"
# webtalk_add_data -client project -key target_device -value "NA" -context "software_version_and_target_device"
# webtalk_add_data -client project -key target_package -value "NA" -context "software_version_and_target_device"
# webtalk_add_data -client project -key target_speed -value "NA" -context "software_version_and_target_device"
# webtalk_add_data -client project -key random_id -value "eap01v8gpf6dm52prckr56m2sr" -context "software_version_and_target_device"
# webtalk_add_data -client project -key project_id -value "2019.1_4" -context "software_version_and_target_device"
# webtalk_add_data -client project -key project_iteration -value "4" -context "software_version_and_target_device"
# webtalk_add_data -client project -key os_name -value "Ubuntu" -context "user_environment"
# webtalk_add_data -client project -key os_release -value "Ubuntu 16.04.7 LTS" -context "user_environment"
# webtalk_add_data -client project -key cpu_name -value "Intel(R) Core(TM) i5-8250U CPU @ 1.60GHz" -context "user_environment"
# webtalk_add_data -client project -key cpu_speed -value "3069.337 MHz" -context "user_environment"
# webtalk_add_data -client project -key total_processors -value "1" -context "user_environment"
# webtalk_add_data -client project -key system_ram -value "20.937 GB" -context "user_environment"
# webtalk_register_client -client sdk
# webtalk_add_data -client sdk -key uid -value "1709804868000" -context "sdk\\\\application/1709804868000"
# webtalk_add_data -client sdk -key os -value "linux" -context "sdk\\\\application/1709804868000"
# webtalk_add_data -client sdk -key apptemplate -value "linux_hello_world" -context "sdk\\\\application/1709804868000"
# webtalk_add_data -client sdk -key RecordType -value "APPCreation" -context "sdk\\\\application/1709804868000"
# webtalk_add_data -client sdk -key LangUsed -value "C" -context "sdk\\\\application/1709804868000"
# webtalk_add_data -client sdk -key Procused -value "" -context "sdk\\\\application/1709804868000"
# webtalk_add_data -client sdk -key projSize -value "34.3515625" -context "sdk\\\\application/1709804868000"
# webtalk_add_data -client sdk -key uid -value "NA" -context "sdk\\\\bsp/1709815845283"
# webtalk_add_data -client sdk -key RecordType -value "ToolUsage" -context "sdk\\\\bsp/1709815845283"
# webtalk_add_data -client sdk -key BootgenCount -value "0" -context "sdk\\\\bsp/1709815845283"
# webtalk_add_data -client sdk -key DebugCount -value "0" -context "sdk\\\\bsp/1709815845283"
# webtalk_add_data -client sdk -key PerfCount -value "0" -context "sdk\\\\bsp/1709815845283"
# webtalk_add_data -client sdk -key FlashCount -value "0" -context "sdk\\\\bsp/1709815845283"
# webtalk_add_data -client sdk -key CrossTriggCount -value "0" -context "sdk\\\\bsp/1709815845283"
# webtalk_add_data -client sdk -key QemuDebugCount -value "0" -context "sdk\\\\bsp/1709815845283"
# webtalk_transmit -clientid 2657540030 -regid "" -xml /home/scope/Desktop/hdmi/InAS_custom_Uart/vivado_proj/Zybo-Z7-20-HDMI.sdk/webtalk/usage_statistics_ext_sdk.xml -html /home/scope/Desktop/hdmi/InAS_custom_Uart/vivado_proj/Zybo-Z7-20-HDMI.sdk/webtalk/usage_statistics_ext_sdk.html -wdm /home/scope/Desktop/hdmi/InAS_custom_Uart/vivado_proj/Zybo-Z7-20-HDMI.sdk/webtalk/sdk_webtalk.wdm -intro "<H3>SDK Usage Report</H3><BR>"
# webtalk_terminate
INFO: [Common 17-206] Exiting Webtalk at Thu Mar  7 18:20:47 2024...
